{"/Users/MAC/Documents/Projects/schyma/src/utils/dagreUtils.ts": {"path":"/Users/MAC/Documents/Projects/schyma/src/utils/dagreUtils.ts","statementMap":{"0":{"start":{"line":1,"column":0},"end":{"line":1,"column":48}},"1":{"start":{"line":2,"column":0},"end":{"line":2,"column":57}},"2":{"start":{"line":3,"column":0},"end":{"line":3,"column":34}},"3":{"start":{"line":5,"column":35},"end":{"line":36,"column":1}},"4":{"start":{"line":6,"column":21},"end":{"line":6,"column":47}},"5":{"start":{"line":8,"column":2},"end":{"line":8,"column":null}},"6":{"start":{"line":8,"column":40},"end":{"line":8,"column":42}},"7":{"start":{"line":9,"column":2},"end":{"line":9,"column":null}},"8":{"start":{"line":11,"column":2},"end":{"line":13,"column":null}},"9":{"start":{"line":12,"column":4},"end":{"line":12,"column":null}},"10":{"start":{"line":15,"column":2},"end":{"line":17,"column":null}},"11":{"start":{"line":16,"column":4},"end":{"line":16,"column":null}},"12":{"start":{"line":19,"column":2},"end":{"line":21,"column":null}},"13":{"start":{"line":23,"column":2},"end":{"line":33,"column":null}},"14":{"start":{"line":24,"column":19},"end":{"line":24,"column":26}},"15":{"start":{"line":25,"column":29},"end":{"line":25,"column":52}},"16":{"start":{"line":26,"column":4},"end":{"line":26,"column":null}},"17":{"start":{"line":27,"column":4},"end":{"line":27,"column":null}},"18":{"start":{"line":28,"column":4},"end":{"line":31,"column":null}},"19":{"start":{"line":32,"column":4},"end":{"line":32,"column":null}},"20":{"start":{"line":35,"column":2},"end":{"line":35,"column":null}},"21":{"start":{"line":5,"column":13},"end":{"line":5,"column":35}}},"fnMap":{"0":{"name":"(anonymous_0)","decl":{"start":{"line":5,"column":35},"end":{"line":5,"column":36}},"loc":{"start":{"line":5,"column":86},"end":{"line":36,"column":1}}},"1":{"name":"(anonymous_1)","decl":{"start":{"line":8,"column":33},"end":{"line":8,"column":36}},"loc":{"start":{"line":8,"column":40},"end":{"line":8,"column":42}}},"2":{"name":"(anonymous_2)","decl":{"start":{"line":11,"column":16},"end":{"line":11,"column":17}},"loc":{"start":{"line":11,"column":25},"end":{"line":13,"column":3}}},"3":{"name":"(anonymous_3)","decl":{"start":{"line":15,"column":16},"end":{"line":15,"column":17}},"loc":{"start":{"line":15,"column":31},"end":{"line":17,"column":3}}},"4":{"name":"(anonymous_4)","decl":{"start":{"line":23,"column":16},"end":{"line":23,"column":17}},"loc":{"start":{"line":23,"column":31},"end":{"line":33,"column":3}}}},"branchMap":{"0":{"loc":{"start":{"line":5,"column":66},"end":{"line":5,"column":82}},"type":"default-arg","locations":[{"start":{"line":5,"column":78},"end":{"line":5,"column":82}}]}},"s":{"0":0,"1":0,"2":0,"3":0,"4":0,"5":0,"6":0,"7":0,"8":0,"9":0,"10":0,"11":0,"12":0,"13":0,"14":0,"15":0,"16":0,"17":0,"18":0,"19":0,"20":0,"21":0},"f":{"0":0,"1":0,"2":0,"3":0,"4":0},"b":{"0":[0]}}
,"/Users/MAC/Documents/Projects/schyma/src/utils/reusables.ts": {"path":"/Users/MAC/Documents/Projects/schyma/src/utils/reusables.ts","statementMap":{"0":{"start":{"line":1,"column":0},"end":{"line":1,"column":58}},"1":{"start":{"line":2,"column":0},"end":{"line":2,"column":42}},"2":{"start":{"line":4,"column":52},"end":{"line":4,"column":54}},"3":{"start":{"line":7,"column":2},"end":{"line":7,"column":null}},"4":{"start":{"line":7,"column":20},"end":{"line":7,"column":null}},"5":{"start":{"line":8,"column":2},"end":{"line":8,"column":null}},"6":{"start":{"line":8,"column":20},"end":{"line":8,"column":null}},"7":{"start":{"line":9,"column":2},"end":{"line":9,"column":null}},"8":{"start":{"line":9,"column":20},"end":{"line":9,"column":null}},"9":{"start":{"line":10,"column":2},"end":{"line":10,"column":null}},"10":{"start":{"line":10,"column":18},"end":{"line":10,"column":null}},"11":{"start":{"line":11,"column":2},"end":{"line":11,"column":null}},"12":{"start":{"line":6,"column":0},"end":{"line":6,"column":16}},"13":{"start":{"line":15,"column":19},"end":{"line":15,"column":52}},"14":{"start":{"line":16,"column":2},"end":{"line":16,"column":null}},"15":{"start":{"line":14,"column":0},"end":{"line":14,"column":22}},"16":{"start":{"line":20,"column":2},"end":{"line":22,"column":null}},"17":{"start":{"line":21,"column":4},"end":{"line":21,"column":null}},"18":{"start":{"line":23,"column":16},"end":{"line":23,"column":35}},"19":{"start":{"line":24,"column":15},"end":{"line":24,"column":50}},"20":{"start":{"line":25,"column":2},"end":{"line":25,"column":null}},"21":{"start":{"line":26,"column":2},"end":{"line":26,"column":null}},"22":{"start":{"line":19,"column":0},"end":{"line":19,"column":16}},"23":{"start":{"line":29,"column":26},"end":{"line":85,"column":1}},"24":{"start":{"line":30,"column":2},"end":{"line":57,"column":null}},"25":{"start":{"line":31,"column":43},"end":{"line":31,"column":45}},"26":{"start":{"line":32,"column":4},"end":{"line":55,"column":null}},"27":{"start":{"line":33,"column":6},"end":{"line":54,"column":null}},"28":{"start":{"line":34,"column":8},"end":{"line":36,"column":null}},"29":{"start":{"line":35,"column":10},"end":{"line":35,"column":null}},"30":{"start":{"line":37,"column":8},"end":{"line":39,"column":null}},"31":{"start":{"line":38,"column":10},"end":{"line":38,"column":null}},"32":{"start":{"line":40,"column":8},"end":{"line":46,"column":null}},"33":{"start":{"line":41,"column":10},"end":{"line":44,"column":null}},"34":{"start":{"line":42,"column":25},"end":{"line":42,"column":68}},"35":{"start":{"line":43,"column":12},"end":{"line":43,"column":null}},"36":{"start":{"line":47,"column":13},"end":{"line":54,"column":null}},"37":{"start":{"line":48,"column":8},"end":{"line":48,"column":null}},"38":{"start":{"line":49,"column":13},"end":{"line":54,"column":null}},"39":{"start":{"line":50,"column":21},"end":{"line":50,"column":43}},"40":{"start":{"line":51,"column":8},"end":{"line":51,"column":null}},"41":{"start":{"line":52,"column":13},"end":{"line":54,"column":null}},"42":{"start":{"line":53,"column":8},"end":{"line":53,"column":null}},"43":{"start":{"line":56,"column":4},"end":{"line":56,"column":null}},"44":{"start":{"line":59,"column":2},"end":{"line":66,"column":null}},"45":{"start":{"line":60,"column":18},"end":{"line":60,"column":51}},"46":{"start":{"line":62,"column":4},"end":{"line":64,"column":null}},"47":{"start":{"line":63,"column":6},"end":{"line":63,"column":null}},"48":{"start":{"line":65,"column":4},"end":{"line":65,"column":null}},"49":{"start":{"line":68,"column":2},"end":{"line":75,"column":null}},"50":{"start":{"line":69,"column":18},"end":{"line":69,"column":51}},"51":{"start":{"line":71,"column":4},"end":{"line":73,"column":null}},"52":{"start":{"line":72,"column":6},"end":{"line":72,"column":null}},"53":{"start":{"line":74,"column":4},"end":{"line":74,"column":null}},"54":{"start":{"line":77,"column":2},"end":{"line":84,"column":null}},"55":{"start":{"line":78,"column":4},"end":{"line":83,"column":null}},"56":{"start":{"line":79,"column":19},"end":{"line":79,"column":47}},"57":{"start":{"line":80,"column":6},"end":{"line":80,"column":null}},"58":{"start":{"line":81,"column":11},"end":{"line":83,"column":null}},"59":{"start":{"line":82,"column":6},"end":{"line":82,"column":null}},"60":{"start":{"line":90,"column":2},"end":{"line":96,"column":null}},"61":{"start":{"line":91,"column":18},"end":{"line":91,"column":53}},"62":{"start":{"line":92,"column":4},"end":{"line":95,"column":null}},"63":{"start":{"line":99,"column":2},"end":{"line":135,"column":null}},"64":{"start":{"line":100,"column":21},"end":{"line":100,"column":53}},"65":{"start":{"line":101,"column":4},"end":{"line":134,"column":null}},"66":{"start":{"line":102,"column":23},"end":{"line":102,"column":34}},"67":{"start":{"line":103,"column":25},"end":{"line":103,"column":54}},"68":{"start":{"line":106,"column":6},"end":{"line":111,"column":null}},"69":{"start":{"line":107,"column":8},"end":{"line":110,"column":null}},"70":{"start":{"line":114,"column":6},"end":{"line":119,"column":null}},"71":{"start":{"line":115,"column":8},"end":{"line":118,"column":null}},"72":{"start":{"line":122,"column":6},"end":{"line":127,"column":null}},"73":{"start":{"line":123,"column":8},"end":{"line":126,"column":null}},"74":{"start":{"line":130,"column":6},"end":{"line":133,"column":null}},"75":{"start":{"line":138,"column":2},"end":{"line":144,"column":null}},"76":{"start":{"line":139,"column":17},"end":{"line":139,"column":37}},"77":{"start":{"line":140,"column":4},"end":{"line":143,"column":null}},"78":{"start":{"line":147,"column":2},"end":{"line":152,"column":null}},"79":{"start":{"line":148,"column":4},"end":{"line":151,"column":null}},"80":{"start":{"line":155,"column":2},"end":{"line":158,"column":null}},"81":{"start":{"line":161,"column":25},"end":{"line":181,"column":1}},"82":{"start":{"line":162,"column":63},"end":{"line":162,"column":69}},"83":{"start":{"line":164,"column":2},"end":{"line":164,"column":23}},"84":{"start":{"line":164,"column":17},"end":{"line":164,"column":23}},"85":{"start":{"line":166,"column":57},"end":{"line":166,"column":88}},"86":{"start":{"line":169,"column":23},"end":{"line":169,"column":45}},"87":{"start":{"line":172,"column":2},"end":{"line":174,"column":null}},"88":{"start":{"line":173,"column":4},"end":{"line":173,"column":null}},"89":{"start":{"line":177,"column":2},"end":{"line":180,"column":null}},"90":{"start":{"line":178,"column":22},"end":{"line":178,"column":47}},"91":{"start":{"line":179,"column":4},"end":{"line":179,"column":null}},"92":{"start":{"line":184,"column":45},"end":{"line":184,"column":47}},"93":{"start":{"line":185,"column":113},"end":{"line":185,"column":119}},"94":{"start":{"line":186,"column":23},"end":{"line":186,"column":53}},"95":{"start":{"line":187,"column":21},"end":{"line":187,"column":29}},"96":{"start":{"line":189,"column":2},"end":{"line":191,"column":null}},"97":{"start":{"line":190,"column":4},"end":{"line":190,"column":null}},"98":{"start":{"line":193,"column":2},"end":{"line":195,"column":null}},"99":{"start":{"line":194,"column":4},"end":{"line":194,"column":null}},"100":{"start":{"line":196,"column":2},"end":{"line":198,"column":null}},"101":{"start":{"line":197,"column":4},"end":{"line":197,"column":null}},"102":{"start":{"line":199,"column":2},"end":{"line":207,"column":null}},"103":{"start":{"line":200,"column":29},"end":{"line":200,"column":54}},"104":{"start":{"line":201,"column":23},"end":{"line":201,"column":46}},"105":{"start":{"line":202,"column":4},"end":{"line":202,"column":null}},"106":{"start":{"line":204,"column":4},"end":{"line":206,"column":null}},"107":{"start":{"line":205,"column":6},"end":{"line":205,"column":null}},"108":{"start":{"line":208,"column":2},"end":{"line":216,"column":null}},"109":{"start":{"line":209,"column":34},"end":{"line":209,"column":74}},"110":{"start":{"line":210,"column":28},"end":{"line":210,"column":66}},"111":{"start":{"line":211,"column":4},"end":{"line":211,"column":null}},"112":{"start":{"line":213,"column":4},"end":{"line":215,"column":null}},"113":{"start":{"line":214,"column":6},"end":{"line":214,"column":null}},"114":{"start":{"line":217,"column":2},"end":{"line":219,"column":null}},"115":{"start":{"line":218,"column":4},"end":{"line":218,"column":null}},"116":{"start":{"line":220,"column":2},"end":{"line":220,"column":null}},"117":{"start":{"line":183,"column":0},"end":{"line":183,"column":16}},"118":{"start":{"line":224,"column":2},"end":{"line":226,"column":null}},"119":{"start":{"line":225,"column":4},"end":{"line":225,"column":null}},"120":{"start":{"line":227,"column":2},"end":{"line":229,"column":null}},"121":{"start":{"line":228,"column":4},"end":{"line":228,"column":null}},"122":{"start":{"line":230,"column":2},"end":{"line":237,"column":null}},"123":{"start":{"line":231,"column":4},"end":{"line":236,"column":null}},"124":{"start":{"line":232,"column":19},"end":{"line":232,"column":41}},"125":{"start":{"line":233,"column":6},"end":{"line":235,"column":null}},"126":{"start":{"line":234,"column":8},"end":{"line":234,"column":null}},"127":{"start":{"line":238,"column":2},"end":{"line":240,"column":null}},"128":{"start":{"line":239,"column":4},"end":{"line":239,"column":null}},"129":{"start":{"line":241,"column":2},"end":{"line":241,"column":null}},"130":{"start":{"line":245,"column":23},"end":{"line":245,"column":25}},"131":{"start":{"line":246,"column":2},"end":{"line":249,"column":null}},"132":{"start":{"line":246,"column":15},"end":{"line":246,"column":16}},"133":{"start":{"line":247,"column":17},"end":{"line":247,"column":50}},"134":{"start":{"line":248,"column":4},"end":{"line":248,"column":null}},"135":{"start":{"line":250,"column":2},"end":{"line":250,"column":null}},"136":{"start":{"line":244,"column":0},"end":{"line":244,"column":16}},"137":{"start":{"line":254,"column":17},"end":{"line":264,"column":4}},"138":{"start":{"line":255,"column":22},"end":{"line":255,"column":41}},"139":{"start":{"line":256,"column":4},"end":{"line":262,"column":null}},"140":{"start":{"line":257,"column":6},"end":{"line":261,"column":null}},"141":{"start":{"line":258,"column":8},"end":{"line":258,"column":14}},"142":{"start":{"line":260,"column":8},"end":{"line":260,"column":null}},"143":{"start":{"line":263,"column":4},"end":{"line":263,"column":null}},"144":{"start":{"line":266,"column":2},"end":{"line":266,"column":null}},"145":{"start":{"line":253,"column":0},"end":{"line":253,"column":16}},"146":{"start":{"line":270,"column":17},"end":{"line":275,"column":4}},"147":{"start":{"line":271,"column":4},"end":{"line":273,"column":null}},"148":{"start":{"line":272,"column":6},"end":{"line":272,"column":null}},"149":{"start":{"line":274,"column":4},"end":{"line":274,"column":null}},"150":{"start":{"line":277,"column":2},"end":{"line":277,"column":null}},"151":{"start":{"line":269,"column":0},"end":{"line":269,"column":16}},"152":{"start":{"line":281,"column":20},"end":{"line":281,"column":24}},"153":{"start":{"line":282,"column":2},"end":{"line":301,"column":null}},"154":{"start":{"line":283,"column":4},"end":{"line":288,"column":null}},"155":{"start":{"line":283,"column":17},"end":{"line":283,"column":18}},"156":{"start":{"line":284,"column":6},"end":{"line":284,"column":null}},"157":{"start":{"line":285,"column":6},"end":{"line":287,"column":null}},"158":{"start":{"line":286,"column":8},"end":{"line":286,"column":13}},"159":{"start":{"line":290,"column":4},"end":{"line":300,"column":null}},"160":{"start":{"line":291,"column":6},"end":{"line":293,"column":null}},"161":{"start":{"line":292,"column":8},"end":{"line":292,"column":null}},"162":{"start":{"line":294,"column":6},"end":{"line":299,"column":null}},"163":{"start":{"line":295,"column":8},"end":{"line":295,"column":null}},"164":{"start":{"line":296,"column":8},"end":{"line":298,"column":null}},"165":{"start":{"line":297,"column":10},"end":{"line":297,"column":15}},"166":{"start":{"line":302,"column":2},"end":{"line":302,"column":null}},"167":{"start":{"line":280,"column":0},"end":{"line":280,"column":16}}},"fnMap":{"0":{"name":"getCompositionType","decl":{"start":{"line":6,"column":16},"end":{"line":6,"column":34}},"loc":{"start":{"line":6,"column":46},"end":{"line":12,"column":1}}},"1":{"name":"resolveRef","decl":{"start":{"line":14,"column":22},"end":{"line":14,"column":32}},"loc":{"start":{"line":14,"column":57},"end":{"line":17,"column":null}}},"2":{"name":"nameFromRef","decl":{"start":{"line":19,"column":16},"end":{"line":19,"column":27}},"loc":{"start":{"line":19,"column":39},"end":{"line":27,"column":1}}},"3":{"name":"(anonymous_4)","decl":{"start":{"line":29,"column":26},"end":{"line":29,"column":27}},"loc":{"start":{"line":29,"column":75},"end":{"line":85,"column":1}}},"4":{"name":"extractConditionLabel","decl":{"start":{"line":88,"column":9},"end":{"line":88,"column":30}},"loc":{"start":{"line":88,"column":44},"end":{"line":159,"column":1}}},"5":{"name":"(anonymous_6)","decl":{"start":{"line":161,"column":25},"end":{"line":161,"column":26}},"loc":{"start":{"line":161,"column":59},"end":{"line":181,"column":1}}},"6":{"name":"propMerge","decl":{"start":{"line":183,"column":16},"end":{"line":183,"column":25}},"loc":{"start":{"line":183,"column":52},"end":{"line":221,"column":1}}},"7":{"name":"getSchemaName","decl":{"start":{"line":223,"column":9},"end":{"line":223,"column":22}},"loc":{"start":{"line":223,"column":64},"end":{"line":242,"column":1}}},"8":{"name":"arrayToProps","decl":{"start":{"line":244,"column":16},"end":{"line":244,"column":28}},"loc":{"start":{"line":244,"column":54},"end":{"line":251,"column":1}}},"9":{"name":"removeElementsByParent","decl":{"start":{"line":253,"column":16},"end":{"line":253,"column":38}},"loc":{"start":{"line":253,"column":58},"end":{"line":267,"column":1}}},"10":{"name":"(anonymous_11)","decl":{"start":{"line":254,"column":30},"end":{"line":254,"column":31}},"loc":{"start":{"line":254,"column":44},"end":{"line":264,"column":3}}},"11":{"name":"removeEdgesByParent","decl":{"start":{"line":269,"column":16},"end":{"line":269,"column":35}},"loc":{"start":{"line":269,"column":55},"end":{"line":278,"column":1}}},"12":{"name":"(anonymous_13)","decl":{"start":{"line":270,"column":30},"end":{"line":270,"column":31}},"loc":{"start":{"line":270,"column":44},"end":{"line":275,"column":3}}},"13":{"name":"retrieveObj","decl":{"start":{"line":280,"column":16},"end":{"line":280,"column":27}},"loc":{"start":{"line":280,"column":67},"end":{"line":303,"column":1}}}},"branchMap":{"0":{"loc":{"start":{"line":7,"column":2},"end":{"line":7,"column":null}},"type":"if","locations":[{"start":{"line":7,"column":2},"end":{"line":7,"column":null}}]},"1":{"loc":{"start":{"line":8,"column":2},"end":{"line":8,"column":null}},"type":"if","locations":[{"start":{"line":8,"column":2},"end":{"line":8,"column":null}}]},"2":{"loc":{"start":{"line":9,"column":2},"end":{"line":9,"column":null}},"type":"if","locations":[{"start":{"line":9,"column":2},"end":{"line":9,"column":null}}]},"3":{"loc":{"start":{"line":10,"column":2},"end":{"line":10,"column":null}},"type":"if","locations":[{"start":{"line":10,"column":2},"end":{"line":10,"column":null}}]},"4":{"loc":{"start":{"line":20,"column":2},"end":{"line":22,"column":null}},"type":"if","locations":[{"start":{"line":20,"column":2},"end":{"line":22,"column":null}}]},"5":{"loc":{"start":{"line":24,"column":15},"end":{"line":24,"column":50}},"type":"cond-expr","locations":[{"start":{"line":24,"column":23},"end":{"line":24,"column":45}},{"start":{"line":24,"column":48},"end":{"line":24,"column":50}}]},"6":{"loc":{"start":{"line":30,"column":2},"end":{"line":57,"column":null}},"type":"if","locations":[{"start":{"line":30,"column":2},"end":{"line":57,"column":null}}]},"7":{"loc":{"start":{"line":33,"column":6},"end":{"line":54,"column":null}},"type":"if","locations":[{"start":{"line":33,"column":6},"end":{"line":54,"column":null}},{"start":{"line":47,"column":13},"end":{"line":54,"column":null}}]},"8":{"loc":{"start":{"line":34,"column":8},"end":{"line":36,"column":null}},"type":"if","locations":[{"start":{"line":34,"column":8},"end":{"line":36,"column":null}}]},"9":{"loc":{"start":{"line":37,"column":8},"end":{"line":39,"column":null}},"type":"if","locations":[{"start":{"line":37,"column":8},"end":{"line":39,"column":null}}]},"10":{"loc":{"start":{"line":40,"column":8},"end":{"line":46,"column":null}},"type":"if","locations":[{"start":{"line":40,"column":8},"end":{"line":46,"column":null}}]},"11":{"loc":{"start":{"line":40,"column":12},"end":{"line":40,"column":86}},"type":"binary-expr","locations":[{"start":{"line":40,"column":12},"end":{"line":40,"column":37}},{"start":{"line":40,"column":41},"end":{"line":40,"column":86}}]},"12":{"loc":{"start":{"line":41,"column":10},"end":{"line":44,"column":null}},"type":"if","locations":[{"start":{"line":41,"column":10},"end":{"line":44,"column":null}}]},"13":{"loc":{"start":{"line":47,"column":13},"end":{"line":54,"column":null}},"type":"if","locations":[{"start":{"line":47,"column":13},"end":{"line":54,"column":null}},{"start":{"line":49,"column":13},"end":{"line":54,"column":null}}]},"14":{"loc":{"start":{"line":49,"column":13},"end":{"line":54,"column":null}},"type":"if","locations":[{"start":{"line":49,"column":13},"end":{"line":54,"column":null}},{"start":{"line":52,"column":13},"end":{"line":54,"column":null}}]},"15":{"loc":{"start":{"line":52,"column":13},"end":{"line":54,"column":null}},"type":"if","locations":[{"start":{"line":52,"column":13},"end":{"line":54,"column":null}}]},"16":{"loc":{"start":{"line":59,"column":2},"end":{"line":66,"column":null}},"type":"if","locations":[{"start":{"line":59,"column":2},"end":{"line":66,"column":null}}]},"17":{"loc":{"start":{"line":68,"column":2},"end":{"line":75,"column":null}},"type":"if","locations":[{"start":{"line":68,"column":2},"end":{"line":75,"column":null}}]},"18":{"loc":{"start":{"line":77,"column":2},"end":{"line":84,"column":null}},"type":"if","locations":[{"start":{"line":77,"column":2},"end":{"line":84,"column":null}}]},"19":{"loc":{"start":{"line":78,"column":4},"end":{"line":83,"column":null}},"type":"if","locations":[{"start":{"line":78,"column":4},"end":{"line":83,"column":null}},{"start":{"line":81,"column":11},"end":{"line":83,"column":null}}]},"20":{"loc":{"start":{"line":81,"column":11},"end":{"line":83,"column":null}},"type":"if","locations":[{"start":{"line":81,"column":11},"end":{"line":83,"column":null}}]},"21":{"loc":{"start":{"line":90,"column":2},"end":{"line":96,"column":null}},"type":"if","locations":[{"start":{"line":90,"column":2},"end":{"line":96,"column":null}}]},"22":{"loc":{"start":{"line":99,"column":2},"end":{"line":135,"column":null}},"type":"if","locations":[{"start":{"line":99,"column":2},"end":{"line":135,"column":null}}]},"23":{"loc":{"start":{"line":101,"column":4},"end":{"line":134,"column":null}},"type":"if","locations":[{"start":{"line":101,"column":4},"end":{"line":134,"column":null}}]},"24":{"loc":{"start":{"line":106,"column":6},"end":{"line":111,"column":null}},"type":"if","locations":[{"start":{"line":106,"column":6},"end":{"line":111,"column":null}}]},"25":{"loc":{"start":{"line":114,"column":6},"end":{"line":119,"column":null}},"type":"if","locations":[{"start":{"line":114,"column":6},"end":{"line":119,"column":null}}]},"26":{"loc":{"start":{"line":114,"column":10},"end":{"line":114,"column":57}},"type":"binary-expr","locations":[{"start":{"line":114,"column":10},"end":{"line":114,"column":25}},{"start":{"line":114,"column":29},"end":{"line":114,"column":57}}]},"27":{"loc":{"start":{"line":122,"column":6},"end":{"line":127,"column":null}},"type":"if","locations":[{"start":{"line":122,"column":6},"end":{"line":127,"column":null}}]},"28":{"loc":{"start":{"line":138,"column":2},"end":{"line":144,"column":null}},"type":"if","locations":[{"start":{"line":138,"column":2},"end":{"line":144,"column":null}}]},"29":{"loc":{"start":{"line":138,"column":6},"end":{"line":138,"column":55}},"type":"binary-expr","locations":[{"start":{"line":138,"column":6},"end":{"line":138,"column":23}},{"start":{"line":138,"column":27},"end":{"line":138,"column":55}}]},"30":{"loc":{"start":{"line":147,"column":2},"end":{"line":152,"column":null}},"type":"if","locations":[{"start":{"line":147,"column":2},"end":{"line":152,"column":null}}]},"31":{"loc":{"start":{"line":164,"column":2},"end":{"line":164,"column":23}},"type":"if","locations":[{"start":{"line":164,"column":2},"end":{"line":164,"column":23}}]},"32":{"loc":{"start":{"line":172,"column":2},"end":{"line":174,"column":null}},"type":"if","locations":[{"start":{"line":172,"column":2},"end":{"line":174,"column":null}}]},"33":{"loc":{"start":{"line":177,"column":2},"end":{"line":180,"column":null}},"type":"if","locations":[{"start":{"line":177,"column":2},"end":{"line":180,"column":null}}]},"34":{"loc":{"start":{"line":186,"column":23},"end":{"line":186,"column":53}},"type":"binary-expr","locations":[{"start":{"line":186,"column":23},"end":{"line":186,"column":28}},{"start":{"line":186,"column":32},"end":{"line":186,"column":37}},{"start":{"line":186,"column":41},"end":{"line":186,"column":44}},{"start":{"line":186,"column":48},"end":{"line":186,"column":53}}]},"35":{"loc":{"start":{"line":189,"column":2},"end":{"line":191,"column":null}},"type":"if","locations":[{"start":{"line":189,"column":2},"end":{"line":191,"column":null}}]},"36":{"loc":{"start":{"line":193,"column":2},"end":{"line":195,"column":null}},"type":"if","locations":[{"start":{"line":193,"column":2},"end":{"line":195,"column":null}}]},"37":{"loc":{"start":{"line":196,"column":2},"end":{"line":198,"column":null}},"type":"if","locations":[{"start":{"line":196,"column":2},"end":{"line":198,"column":null}}]},"38":{"loc":{"start":{"line":199,"column":2},"end":{"line":207,"column":null}},"type":"if","locations":[{"start":{"line":199,"column":2},"end":{"line":207,"column":null}}]},"39":{"loc":{"start":{"line":204,"column":4},"end":{"line":206,"column":null}},"type":"if","locations":[{"start":{"line":204,"column":4},"end":{"line":206,"column":null}}]},"40":{"loc":{"start":{"line":208,"column":2},"end":{"line":216,"column":null}},"type":"if","locations":[{"start":{"line":208,"column":2},"end":{"line":216,"column":null}}]},"41":{"loc":{"start":{"line":208,"column":6},"end":{"line":208,"column":70}},"type":"binary-expr","locations":[{"start":{"line":208,"column":6},"end":{"line":208,"column":26}},{"start":{"line":208,"column":30},"end":{"line":208,"column":70}}]},"42":{"loc":{"start":{"line":213,"column":4},"end":{"line":215,"column":null}},"type":"if","locations":[{"start":{"line":213,"column":4},"end":{"line":215,"column":null}}]},"43":{"loc":{"start":{"line":213,"column":8},"end":{"line":213,"column":64}},"type":"binary-expr","locations":[{"start":{"line":213,"column":8},"end":{"line":213,"column":29}},{"start":{"line":213,"column":33},"end":{"line":213,"column":64}}]},"44":{"loc":{"start":{"line":217,"column":2},"end":{"line":219,"column":null}},"type":"if","locations":[{"start":{"line":217,"column":2},"end":{"line":219,"column":null}}]},"45":{"loc":{"start":{"line":224,"column":2},"end":{"line":226,"column":null}},"type":"if","locations":[{"start":{"line":224,"column":2},"end":{"line":226,"column":null}}]},"46":{"loc":{"start":{"line":227,"column":2},"end":{"line":229,"column":null}},"type":"if","locations":[{"start":{"line":227,"column":2},"end":{"line":229,"column":null}}]},"47":{"loc":{"start":{"line":230,"column":2},"end":{"line":237,"column":null}},"type":"if","locations":[{"start":{"line":230,"column":2},"end":{"line":237,"column":null}}]},"48":{"loc":{"start":{"line":233,"column":6},"end":{"line":235,"column":null}},"type":"if","locations":[{"start":{"line":233,"column":6},"end":{"line":235,"column":null}}]},"49":{"loc":{"start":{"line":238,"column":2},"end":{"line":240,"column":null}},"type":"if","locations":[{"start":{"line":238,"column":2},"end":{"line":240,"column":null}}]},"50":{"loc":{"start":{"line":238,"column":6},"end":{"line":238,"column":45}},"type":"binary-expr","locations":[{"start":{"line":238,"column":6},"end":{"line":238,"column":17}},{"start":{"line":238,"column":21},"end":{"line":238,"column":45}}]},"51":{"loc":{"start":{"line":256,"column":4},"end":{"line":262,"column":null}},"type":"if","locations":[{"start":{"line":256,"column":4},"end":{"line":262,"column":null}}]},"52":{"loc":{"start":{"line":257,"column":6},"end":{"line":261,"column":null}},"type":"if","locations":[{"start":{"line":257,"column":6},"end":{"line":261,"column":null}},{"start":{"line":259,"column":13},"end":{"line":261,"column":null}}]},"53":{"loc":{"start":{"line":271,"column":4},"end":{"line":273,"column":null}},"type":"if","locations":[{"start":{"line":271,"column":4},"end":{"line":273,"column":null}}]},"54":{"loc":{"start":{"line":282,"column":2},"end":{"line":301,"column":null}},"type":"if","locations":[{"start":{"line":282,"column":2},"end":{"line":301,"column":null}},{"start":{"line":289,"column":9},"end":{"line":301,"column":null}}]},"55":{"loc":{"start":{"line":285,"column":6},"end":{"line":287,"column":null}},"type":"if","locations":[{"start":{"line":285,"column":6},"end":{"line":287,"column":null}}]},"56":{"loc":{"start":{"line":291,"column":6},"end":{"line":293,"column":null}},"type":"if","locations":[{"start":{"line":291,"column":6},"end":{"line":293,"column":null}}]},"57":{"loc":{"start":{"line":294,"column":6},"end":{"line":299,"column":null}},"type":"if","locations":[{"start":{"line":294,"column":6},"end":{"line":299,"column":null}}]},"58":{"loc":{"start":{"line":294,"column":10},"end":{"line":294,"column":79}},"type":"binary-expr","locations":[{"start":{"line":294,"column":10},"end":{"line":294,"column":43}},{"start":{"line":294,"column":47},"end":{"line":294,"column":79}}]},"59":{"loc":{"start":{"line":296,"column":8},"end":{"line":298,"column":null}},"type":"if","locations":[{"start":{"line":296,"column":8},"end":{"line":298,"column":null}}]}},"s":{"0":1,"1":1,"2":1,"3":8,"4":3,"5":5,"6":1,"7":4,"8":1,"9":3,"10":1,"11":2,"12":1,"13":0,"14":0,"15":1,"16":4,"17":1,"18":3,"19":3,"20":3,"21":3,"22":1,"23":1,"24":5,"25":0,"26":0,"27":0,"28":0,"29":0,"30":0,"31":0,"32":0,"33":0,"34":0,"35":0,"36":0,"37":0,"38":0,"39":0,"40":0,"41":0,"42":0,"43":0,"44":5,"45":4,"46":4,"47":7,"48":4,"49":5,"50":1,"51":1,"52":2,"53":1,"54":5,"55":0,"56":0,"57":0,"58":0,"59":0,"60":1,"61":0,"62":0,"63":1,"64":1,"65":1,"66":1,"67":1,"68":1,"69":1,"70":0,"71":0,"72":0,"73":0,"74":0,"75":0,"76":0,"77":0,"78":0,"79":0,"80":0,"81":1,"82":1,"83":1,"84":0,"85":1,"86":1,"87":1,"88":1,"89":1,"90":1,"91":1,"92":11,"93":11,"94":11,"95":11,"96":11,"97":1,"98":11,"99":1,"100":11,"101":2,"102":11,"103":3,"104":3,"105":3,"106":3,"107":2,"108":11,"109":0,"110":0,"111":0,"112":0,"113":0,"114":11,"115":5,"116":11,"117":1,"118":17,"119":8,"120":9,"121":1,"122":8,"123":6,"124":6,"125":6,"126":4,"127":4,"128":2,"129":2,"130":10,"131":10,"132":10,"133":17,"134":17,"135":10,"136":1,"137":0,"138":0,"139":0,"140":0,"141":0,"142":0,"143":0,"144":0,"145":1,"146":0,"147":0,"148":0,"149":0,"150":0,"151":1,"152":0,"153":0,"154":0,"155":0,"156":0,"157":0,"158":0,"159":0,"160":0,"161":0,"162":0,"163":0,"164":0,"165":0,"166":0,"167":1},"f":{"0":8,"1":0,"2":4,"3":5,"4":1,"5":1,"6":11,"7":17,"8":10,"9":0,"10":0,"11":0,"12":0,"13":0},"b":{"0":[3],"1":[1],"2":[1],"3":[1],"4":[1],"5":[3,0],"6":[0],"7":[0,0],"8":[0],"9":[0],"10":[0],"11":[0,0],"12":[0],"13":[0,0],"14":[0,0],"15":[0],"16":[4],"17":[1],"18":[0],"19":[0,0],"20":[0],"21":[0],"22":[1],"23":[1],"24":[1],"25":[0],"26":[0,0],"27":[0],"28":[0],"29":[0,0],"30":[0],"31":[0],"32":[1],"33":[1],"34":[11,7,6,6],"35":[1],"36":[1],"37":[2],"38":[3],"39":[2],"40":[0],"41":[11,0],"42":[0],"43":[0,0],"44":[5],"45":[8],"46":[1],"47":[6],"48":[4],"49":[2],"50":[4,4],"51":[0],"52":[0,0],"53":[0],"54":[0,0],"55":[0],"56":[0],"57":[0],"58":[0,0],"59":[0]}}
,"/Users/MAC/Documents/Projects/schyma/src/utils/types.ts": {"path":"/Users/MAC/Documents/Projects/schyma/src/utils/types.ts","statementMap":{"0":{"start":{"line":37,"column":33},"end":{"line":37,"column":35}}},"fnMap":{},"branchMap":{},"s":{"0":0},"f":{},"b":{}}
}
