TN:
SF:src/utils/dagreUtils.ts
FN:5,(anonymous_0)
FN:8,(anonymous_1)
FN:11,(anonymous_2)
FN:15,(anonymous_3)
FN:23,(anonymous_4)
FNF:5
FNH:0
FNDA:0,(anonymous_0)
FNDA:0,(anonymous_1)
FNDA:0,(anonymous_2)
FNDA:0,(anonymous_3)
FNDA:0,(anonymous_4)
DA:1,0
DA:2,0
DA:3,0
DA:5,0
DA:6,0
DA:8,0
DA:9,0
DA:11,0
DA:12,0
DA:15,0
DA:16,0
DA:19,0
DA:23,0
DA:24,0
DA:25,0
DA:26,0
DA:27,0
DA:28,0
DA:32,0
DA:35,0
LF:20
LH:0
BRDA:5,0,0,0
BRF:1
BRH:0
end_of_record
TN:
SF:src/utils/reusables.ts
FN:6,getCompositionType
FN:14,resolveRef
FN:19,nameFromRef
FN:29,(anonymous_4)
FN:88,extractConditionLabel
FN:161,(anonymous_6)
FN:183,propMerge
FN:223,getSchemaName
FN:244,arrayToProps
FN:253,removeElementsByParent
FN:254,(anonymous_11)
FN:269,removeEdgesByParent
FN:270,(anonymous_13)
FN:280,retrieveObj
FNF:14
FNH:8
FNDA:8,getCompositionType
FNDA:0,resolveRef
FNDA:4,nameFromRef
FNDA:5,(anonymous_4)
FNDA:1,extractConditionLabel
FNDA:1,(anonymous_6)
FNDA:11,propMerge
FNDA:17,getSchemaName
FNDA:10,arrayToProps
FNDA:0,removeElementsByParent
FNDA:0,(anonymous_11)
FNDA:0,removeEdgesByParent
FNDA:0,(anonymous_13)
FNDA:0,retrieveObj
DA:1,1
DA:2,1
DA:4,1
DA:6,1
DA:7,8
DA:8,5
DA:9,4
DA:10,3
DA:11,2
DA:14,1
DA:15,0
DA:16,0
DA:19,1
DA:20,4
DA:21,1
DA:23,3
DA:24,3
DA:25,3
DA:26,3
DA:29,1
DA:30,5
DA:31,0
DA:32,0
DA:33,0
DA:34,0
DA:35,0
DA:37,0
DA:38,0
DA:40,0
DA:41,0
DA:42,0
DA:43,0
DA:47,0
DA:48,0
DA:49,0
DA:50,0
DA:51,0
DA:52,0
DA:53,0
DA:56,0
DA:59,5
DA:60,4
DA:62,4
DA:63,7
DA:65,4
DA:68,5
DA:69,1
DA:71,1
DA:72,2
DA:74,1
DA:77,5
DA:78,0
DA:79,0
DA:80,0
DA:81,0
DA:82,0
DA:90,1
DA:91,0
DA:92,0
DA:99,1
DA:100,1
DA:101,1
DA:102,1
DA:103,1
DA:106,1
DA:107,1
DA:114,0
DA:115,0
DA:122,0
DA:123,0
DA:130,0
DA:138,0
DA:139,0
DA:140,0
DA:147,0
DA:148,0
DA:155,0
DA:161,1
DA:162,1
DA:164,1
DA:166,1
DA:169,1
DA:172,1
DA:173,1
DA:177,1
DA:178,1
DA:179,1
DA:183,1
DA:184,11
DA:185,11
DA:186,11
DA:187,11
DA:189,11
DA:190,1
DA:193,11
DA:194,1
DA:196,11
DA:197,2
DA:199,11
DA:200,3
DA:201,3
DA:202,3
DA:204,3
DA:205,2
DA:208,11
DA:209,0
DA:210,0
DA:211,0
DA:213,0
DA:214,0
DA:217,11
DA:218,5
DA:220,11
DA:224,17
DA:225,8
DA:227,9
DA:228,1
DA:230,8
DA:231,6
DA:232,6
DA:233,6
DA:234,4
DA:238,4
DA:239,2
DA:241,2
DA:244,1
DA:245,10
DA:246,10
DA:247,17
DA:248,17
DA:250,10
DA:253,1
DA:254,0
DA:255,0
DA:256,0
DA:257,0
DA:258,0
DA:260,0
DA:263,0
DA:266,0
DA:269,1
DA:270,0
DA:271,0
DA:272,0
DA:274,0
DA:277,0
DA:280,1
DA:281,0
DA:282,0
DA:283,0
DA:284,0
DA:285,0
DA:286,0
DA:290,0
DA:291,0
DA:292,0
DA:294,0
DA:295,0
DA:296,0
DA:297,0
DA:302,0
LF:161
LH:90
BRDA:7,0,0,3
BRDA:8,1,0,1
BRDA:9,2,0,1
BRDA:10,3,0,1
BRDA:20,4,0,1
BRDA:24,5,0,3
BRDA:24,5,1,0
BRDA:30,6,0,0
BRDA:33,7,0,0
BRDA:33,7,1,0
BRDA:34,8,0,0
BRDA:37,9,0,0
BRDA:40,10,0,0
BRDA:40,11,0,0
BRDA:40,11,1,0
BRDA:41,12,0,0
BRDA:47,13,0,0
BRDA:47,13,1,0
BRDA:49,14,0,0
BRDA:49,14,1,0
BRDA:52,15,0,0
BRDA:59,16,0,4
BRDA:68,17,0,1
BRDA:77,18,0,0
BRDA:78,19,0,0
BRDA:78,19,1,0
BRDA:81,20,0,0
BRDA:90,21,0,0
BRDA:99,22,0,1
BRDA:101,23,0,1
BRDA:106,24,0,1
BRDA:114,25,0,0
BRDA:114,26,0,0
BRDA:114,26,1,0
BRDA:122,27,0,0
BRDA:138,28,0,0
BRDA:138,29,0,0
BRDA:138,29,1,0
BRDA:147,30,0,0
BRDA:164,31,0,0
BRDA:172,32,0,1
BRDA:177,33,0,1
BRDA:186,34,0,11
BRDA:186,34,1,7
BRDA:186,34,2,6
BRDA:186,34,3,6
BRDA:189,35,0,1
BRDA:193,36,0,1
BRDA:196,37,0,2
BRDA:199,38,0,3
BRDA:204,39,0,2
BRDA:208,40,0,0
BRDA:208,41,0,11
BRDA:208,41,1,0
BRDA:213,42,0,0
BRDA:213,43,0,0
BRDA:213,43,1,0
BRDA:217,44,0,5
BRDA:224,45,0,8
BRDA:227,46,0,1
BRDA:230,47,0,6
BRDA:233,48,0,4
BRDA:238,49,0,2
BRDA:238,50,0,4
BRDA:238,50,1,4
BRDA:256,51,0,0
BRDA:257,52,0,0
BRDA:257,52,1,0
BRDA:271,53,0,0
BRDA:282,54,0,0
BRDA:282,54,1,0
BRDA:285,55,0,0
BRDA:291,56,0,0
BRDA:294,57,0,0
BRDA:294,58,0,0
BRDA:294,58,1,0
BRDA:296,59,0,0
BRF:77
BRH:31
end_of_record
TN:
SF:src/utils/types.ts
FNF:0
FNH:0
DA:37,0
LF:1
LH:0
BRF:0
BRH:0
end_of_record
